# JRE version: OpenJDK Runtime Environment Temurin-21.0.12.1+1 (21.0.12.1+1) (build 21.0.12.1+1-LTS)
# Java VM: OpenJDK 64-Bit Server VM Temurin-21.0.12.1+1 (21.0.12.1+1-LTS, mixed mode, sharing, tiered, compressed oops, compressed class ptrs, parallel gc, windows-amd64)
GC Precious Log:
 CardTable entry size: 512
 CPUs: 8 total, 8 available
 Memory: 7957M
 Large Page Support: Disabled
 NUMA Support: Disabled
 Compressed Oops: Enabled (32-bit)
 Alignments: Space 512K, Generation 512K, Heap 2M
 Heap Min Capacity: 100M
 Heap Initial Capacity: 100M
 Heap Max Capacity: 2G
 Pre-touch: Disabled
 Parallel Workers: 8
Heap:
 PSYoungGen      total 4096K, used 1700K [0x00000000d5580000, 0x00000000d5a80000, 0x0000000100000000)
  eden space 3584K, 41% used [0x00000000d5580000,0x00000000d56f2958,0x00000000d5900000)
  from space 512K, 42% used [0x00000000d5a00000,0x00000000d5a36900,0x00000000d5a80000)
  to   space 512K, 0% used [0x00000000d5980000,0x00000000d5980000,0x00000000d5a00000)
 ParOldGen       total 808448K, used 808146K [0x0000000080000000, 0x00000000b1580000, 0x00000000d5580000)
  object space 808448K, 99% used [0x0000000080000000,0x00000000b1534820,0x00000000b1580000)
 Metaspace       used 88792K, committed 90496K, reserved 1179648K
  class space    used 9710K, committed 10432K, reserved 1048576K
GC Heap History (20 events):
Event: 4222.593 GC heap before
{Heap before GC invocations=1092 (full 4):
 PSYoungGen      total 4096K, used 3840K [0x00000000d5580000, 0x00000000d5a80000, 0x0000000100000000)
  eden space 3584K, 100% used [0x00000000d5580000,0x00000000d5900000,0x00000000d5900000)
  from space 512K, 50% used [0x00000000d5a00000,0x00000000d5a40000,0x00000000d5a80000)
  to   space 512K, 0% used [0x00000000d5980000,0x00000000d5980000,0x00000000d5a00000)
 ParOldGen       total 805888K, used 805483K [0x0000000080000000, 0x00000000b1300000, 0x00000000d5580000)
  object space 805888K, 99% used [0x0000000080000000,0x00000000b129ada0,0x00000000b1300000)
 Metaspace       used 88743K, committed 90496K, reserved 1179648K
  class space    used 9710K, committed 10432K, reserved 1048576K
}
Event: 4222.595 GC heap after
{Heap after GC invocations=1092 (full 4):
 PSYoungGen      total 4096K, used 250K [0x00000000d5580000, 0x00000000d5a80000, 0x0000000100000000)
  eden space 3584K, 0% used [0x00000000d5580000,0x00000000d5580000,0x00000000d5900000)
  from space 512K, 48% used [0x00000000d5980000,0x00000000d59be900,0x00000000d5a00000)
  to   space 512K, 0% used [0x00000000d5a00000,0x00000000d5a00000,0x00000000d5a80000)
 ParOldGen       total 805888K, used 805483K [0x0000000080000000, 0x00000000b1300000, 0x00000000d5580000)
  object space 805888K, 99% used [0x0000000080000000,0x00000000b129ada0,0x00000000b1300000)
 Metaspace       used 88743K, committed 90496K, reserved 1179648K
  class space    used 9710K, committed 10432K, reserved 1048576K
}
Event: 4222.729 GC heap before
{Heap before GC invocations=1093 (full 4):
 PSYoungGen      total 4096K, used 3834K [0x00000000d5580000, 0x00000000d5a80000, 0x0000000100000000)
  eden space 3584K, 100% used [0x00000000d5580000,0x00000000d5900000,0x00000000d5900000)
  from space 512K, 48% used [0x00000000d5980000,0x00000000d59be900,0x00000000d5a00000)
  to   space 512K, 0% used [0x00000000d5a00000,0x00000000d5a00000,0x00000000d5a80000)
 ParOldGen       total 805888K, used 805483K [0x0000000080000000, 0x00000000b1300000, 0x00000000d5580000)
  object space 805888K, 99% used [0x0000000080000000,0x00000000b129ada0,0x00000000b1300000)
 Metaspace       used 88745K, committed 90496K, reserved 1179648K
  class space    used 9710K, committed 10432K, reserved 1048576K
}
Event: 4222.736 GC heap after
{Heap after GC invocations=1093 (full 4):
 PSYoungGen      total 4096K, used 282K [0x00000000d5580000, 0x00000000d5a80000, 0x0000000100000000)
  eden space 3584K, 0% used [0x00000000d5580000,0x00000000d5580000,0x00000000d5900000)
  from space 512K, 55% used [0x00000000d5a00000,0x00000000d5a46900,0x00000000d5a80000)
  to   space 512K, 0% used [0x00000000d5980000,0x00000000d5980000,0x00000000d5a00000)
 ParOldGen       total 805888K, used 805483K [0x0000000080000000, 0x00000000b1300000, 0x00000000d5580000)
  object space 805888K, 99% used [0x0000000080000000,0x00000000b129ada0,0x00000000b1300000)
 Metaspace       used 88745K, committed 90496K, reserved 1179648K
  class space    used 9710K, committed 10432K, reserved 1048576K
}
Event: 4222.889 GC heap before
{Heap before GC invocations=1094 (full 4):
 PSYoungGen      total 4096K, used 3866K [0x00000000d5580000, 0x00000000d5a80000, 0x0000000100000000)
  eden space 3584K, 100% used [0x00000000d5580000,0x00000000d5900000,0x00000000d5900000)
  from space 512K, 55% used [0x00000000d5a00000,0x00000000d5a46900,0x00000000d5a80000)
  to   space 512K, 0% used [0x00000000d5980000,0x00000000d5980000,0x00000000d5a00000)
 ParOldGen       total 805888K, used 805483K [0x0000000080000000, 0x00000000b1300000, 0x00000000d5580000)
  object space 805888K, 99% used [0x0000000080000000,0x00000000b129ada0,0x00000000b1300000)
 Metaspace       used 88748K, committed 90496K, reserved 1179648K
  class space    used 9710K, committed 10432K, reserved 1048576K
}
Event: 4222.894 GC heap after
{Heap after GC invocations=1094 (full 4):
 PSYoungGen      total 4096K, used 506K [0x00000000d5580000, 0x00000000d5c00000, 0x0000000100000000)
  eden space 3584K, 0% used [0x00000000d5580000,0x00000000d5580000,0x00000000d5900000)
  from space 512K, 98% used [0x00000000d5980000,0x00000000d59fe900,0x00000000d5a00000)
  to   space 1536K, 0% used [0x00000000d5a80000,0x00000000d5a80000,0x00000000d5c00000)
 ParOldGen       total 806400K, used 805935K [0x0000000080000000, 0x00000000b1380000, 0x00000000d5580000)
  object space 806400K, 99% used [0x0000000080000000,0x00000000b130bfc0,0x00000000b1380000)
 Metaspace       used 88748K, committed 90496K, reserved 1179648K
  class space    used 9710K, committed 10432K, reserved 1048576K
}
Event: 4231.767 GC heap before
{Heap before GC invocations=1095 (full 4):
 PSYoungGen      total 4096K, used 4090K [0x00000000d5580000, 0x00000000d5c00000, 0x0000000100000000)
  eden space 3584K, 100% used [0x00000000d5580000,0x00000000d5900000,0x00000000d5900000)
  from space 512K, 98% used [0x00000000d5980000,0x00000000d59fe900,0x00000000d5a00000)
  to   space 1536K, 0% used [0x00000000d5a80000,0x00000000d5a80000,0x00000000d5c00000)
 ParOldGen       total 806400K, used 805935K [0x0000000080000000, 0x00000000b1380000, 0x00000000d5580000)
  object space 806400K, 99% used [0x0000000080000000,0x00000000b130bfc0,0x00000000b1380000)
 Metaspace       used 88750K, committed 90496K, reserved 1179648K
  class space    used 9710K, committed 10432K, reserved 1048576K
}
Event: 4231.781 GC heap after
{Heap after GC invocations=1095 (full 4):
 PSYoungGen      total 4096K, used 304K [0x00000000d5580000, 0x00000000d5b00000, 0x0000000100000000)
  eden space 3584K, 0% used [0x00000000d5580000,0x00000000d5580000,0x00000000d5900000)
  from space 512K, 59% used [0x00000000d5a80000,0x00000000d5acc010,0x00000000d5b00000)
  to   space 1024K, 0% used [0x00000000d5900000,0x00000000d5900000,0x00000000d5a00000)
 ParOldGen       total 806912K, used 806444K [0x0000000080000000, 0x00000000b1400000, 0x00000000d5580000)
  object space 806912K, 99% used [0x0000000080000000,0x00000000b138b1c0,0x00000000b1400000)
 Metaspace       used 88750K, committed 90496K, reserved 1179648K
  class space    used 9710K, committed 10432K, reserved 1048576K
}
Event: 4232.459 GC heap before
{Heap before GC invocations=1096 (full 4):
 PSYoungGen      total 4096K, used 3888K [0x00000000d5580000, 0x00000000d5b00000, 0x0000000100000000)
  eden space 3584K, 100% used [0x00000000d5580000,0x00000000d5900000,0x00000000d5900000)
  from space 512K, 59% used [0x00000000d5a80000,0x00000000d5acc010,0x00000000d5b00000)
  to   space 1024K, 0% used [0x00000000d5900000,0x00000000d5900000,0x00000000d5a00000)
 ParOldGen       total 806912K, used 806444K [0x0000000080000000, 0x00000000b1400000, 0x00000000d5580000)
  object space 806912K, 99% used [0x0000000080000000,0x00000000b138b1c0,0x00000000b1400000)
 Metaspace       used 88754K, committed 90496K, reserved 1179648K
  class space    used 9710K, committed 10432K, reserved 1048576K
}
Event: 4232.462 GC heap after
{Heap after GC invocations=1096 (full 4):
 PSYoungGen      total 4608K, used 713K [0x00000000d5580000, 0x00000000d5b00000, 0x0000000100000000)
  eden space 3584K, 0% used [0x00000000d5580000,0x00000000d5580000,0x00000000d5900000)
  from space 1024K, 69% used [0x00000000d5900000,0x00000000d59b2400,0x00000000d5a00000)
  to   space 1024K, 0% used [0x00000000d5a00000,0x00000000d5a00000,0x00000000d5b00000)
 ParOldGen       total 806912K, used 806532K [0x0000000080000000, 0x00000000b1400000, 0x00000000d5580000)
  object space 806912K, 99% used [0x0000000080000000,0x00000000b13a11d0,0x00000000b1400000)
 Metaspace       used 88754K, committed 90496K, reserved 1179648K
  class space    used 9710K, committed 10432K, reserved 1048576K
}
Event: 4232.478 GC heap before
{Heap before GC invocations=1097 (full 4):
 PSYoungGen      total 4608K, used 4297K [0x00000000d5580000, 0x00000000d5b00000, 0x0000000100000000)
  eden space 3584K, 100% used [0x00000000d5580000,0x00000000d5900000,0x00000000d5900000)
  from space 1024K, 69% used [0x00000000d5900000,0x00000000d59b2400,0x00000000d5a00000)
  to   space 1024K, 0% used [0x00000000d5a00000,0x00000000d5a00000,0x00000000d5b00000)
 ParOldGen       total 806912K, used 806532K [0x0000000080000000, 0x00000000b1400000, 0x00000000d5580000)
  object space 806912K, 99% used [0x0000000080000000,0x00000000b13a11d0,0x00000000b1400000)
 Metaspace       used 88754K, committed 90496K, reserved 1179648K
  class space    used 9710K, committed 10432K, reserved 1048576K
}
Event: 4232.481 GC heap after
{Heap after GC invocations=1097 (full 4):
 PSYoungGen      total 4608K, used 580K [0x00000000d5580000, 0x00000000d5b00000, 0x0000000100000000)
  eden space 3584K, 0% used [0x00000000d5580000,0x00000000d5580000,0x00000000d5900000)
  from space 1024K, 56% used [0x00000000d5a00000,0x00000000d5a91210,0x00000000d5b00000)
  to   space 1024K, 0% used [0x00000000d5900000,0x00000000d5900000,0x00000000d5a00000)
 ParOldGen       total 807424K, used 807072K [0x0000000080000000, 0x00000000b1480000, 0x00000000d5580000)
  object space 807424K, 99% used [0x0000000080000000,0x00000000b14283e0,0x00000000b1480000)
 Metaspace       used 88754K, committed 90496K, reserved 1179648K
  class space    used 9710K, committed 10432K, reserved 1048576K
}
Event: 4440.946 GC heap before
{Heap before GC invocations=1098 (full 4):
 PSYoungGen      total 4608K, used 4164K [0x00000000d5580000, 0x00000000d5b00000, 0x0000000100000000)
  eden space 3584K, 100% used [0x00000000d5580000,0x00000000d5900000,0x00000000d5900000)
  from space 1024K, 56% used [0x00000000d5a00000,0x00000000d5a91210,0x00000000d5b00000)
  to   space 1024K, 0% used [0x00000000d5900000,0x00000000d5900000,0x00000000d5a00000)
 ParOldGen       total 807424K, used 807072K [0x0000000080000000, 0x00000000b1480000, 0x00000000d5580000)
  object space 807424K, 99% used [0x0000000080000000,0x00000000b14283e0,0x00000000b1480000)
 Metaspace       used 88763K, committed 90496K, reserved 1179648K
  class space    used 9710K, committed 10432K, reserved 1048576K
}
Event: 4440.966 GC heap after
{Heap after GC invocations=1098 (full 4):
 PSYoungGen      total 4608K, used 404K [0x00000000d5580000, 0x00000000d5a80000, 0x0000000100000000)
  eden space 3584K, 0% used [0x00000000d5580000,0x00000000d5580000,0x00000000d5900000)
  from space 1024K, 39% used [0x00000000d5900000,0x00000000d5965220,0x00000000d5a00000)
  to   space 512K, 0% used [0x00000000d5a00000,0x00000000d5a00000,0x00000000d5a80000)
 ParOldGen       total 807936K, used 807485K [0x0000000080000000, 0x00000000b1500000, 0x00000000d5580000)
  object space 807936K, 99% used [0x0000000080000000,0x00000000b148f5f0,0x00000000b1500000)
 Metaspace       used 88763K, committed 90496K, reserved 1179648K
  class space    used 9710K, committed 10432K, reserved 1048576K
}
Event: 4441.751 GC heap before
{Heap before GC invocations=1099 (full 4):
 PSYoungGen      total 4608K, used 3988K [0x00000000d5580000, 0x00000000d5a80000, 0x0000000100000000)
  eden space 3584K, 99% used [0x00000000d5580000,0x00000000d58fff88,0x00000000d5900000)
  from space 1024K, 39% used [0x00000000d5900000,0x00000000d5965220,0x00000000d5a00000)
  to   space 512K, 0% used [0x00000000d5a00000,0x00000000d5a00000,0x00000000d5a80000)
 ParOldGen       total 807936K, used 807485K [0x0000000080000000, 0x00000000b1500000, 0x00000000d5580000)
  object space 807936K, 99% used [0x0000000080000000,0x00000000b148f5f0,0x00000000b1500000)
 Metaspace       used 88771K, committed 90496K, reserved 1179648K
  class space    used 9710K, committed 10432K, reserved 1048576K
}
Event: 4441.755 GC heap after
{Heap after GC invocations=1099 (full 4):
 PSYoungGen      total 4096K, used 324K [0x00000000d5580000, 0x00000000d5a80000, 0x0000000100000000)
  eden space 3584K, 0% used [0x00000000d5580000,0x00000000d5580000,0x00000000d5900000)
  from space 512K, 63% used [0x00000000d5a00000,0x00000000d5a51210,0x00000000d5a80000)
  to   space 512K, 0% used [0x00000000d5980000,0x00000000d5980000,0x00000000d5a00000)
 ParOldGen       total 807936K, used 807645K [0x0000000080000000, 0x00000000b1500000, 0x00000000d5580000)
  object space 807936K, 99% used [0x0000000080000000,0x00000000b14b7610,0x00000000b1500000)
 Metaspace       used 88771K, committed 90496K, reserved 1179648K
  class space    used 9710K, committed 10432K, reserved 1048576K
}
Event: 7100.732 GC heap before
{Heap before GC invocations=1100 (full 4):
 PSYoungGen      total 4096K, used 3908K [0x00000000d5580000, 0x00000000d5a80000, 0x0000000100000000)
  eden space 3584K, 100% used [0x00000000d5580000,0x00000000d5900000,0x00000000d5900000)
  from space 512K, 63% used [0x00000000d5a00000,0x00000000d5a51210,0x00000000d5a80000)
  to   space 512K, 0% used [0x00000000d5980000,0x00000000d5980000,0x00000000d5a00000)
 ParOldGen       total 807936K, used 807645K [0x0000000080000000, 0x00000000b1500000, 0x00000000d5580000)
  object space 807936K, 99% used [0x0000000080000000,0x00000000b14b7610,0x00000000b1500000)
 Metaspace       used 88788K, committed 90496K, reserved 1179648K
  class space    used 9710K, committed 10432K, reserved 1048576K
}
Event: 7100.982 GC heap after
{Heap after GC invocations=1100 (full 4):
 PSYoungGen      total 4096K, used 512K [0x00000000d5580000, 0x00000000d5b00000, 0x0000000100000000)
  eden space 3584K, 0% used [0x00000000d5580000,0x00000000d5580000,0x00000000d5900000)
  from space 512K, 100% used [0x00000000d5980000,0x00000000d5a00000,0x00000000d5a00000)
  to   space 1024K, 0% used [0x00000000d5a00000,0x00000000d5a00000,0x00000000d5b00000)
 ParOldGen       total 807936K, used 807786K [0x0000000080000000, 0x00000000b1500000, 0x00000000d5580000)
  object space 807936K, 99% used [0x0000000080000000,0x00000000b14da820,0x00000000b1500000)
 Metaspace       used 88788K, committed 90496K, reserved 1179648K
  class space    used 9710K, committed 10432K, reserved 1048576K
}
Event: 9111.942 GC heap before
{Heap before GC invocations=1101 (full 4):
 PSYoungGen      total 4096K, used 4096K [0x00000000d5580000, 0x00000000d5b00000, 0x0000000100000000)
  eden space 3584K, 100% used [0x00000000d5580000,0x00000000d5900000,0x00000000d5900000)
  from space 512K, 100% used [0x00000000d5980000,0x00000000d5a00000,0x00000000d5a00000)
  to   space 1024K, 0% used [0x00000000d5a00000,0x00000000d5a00000,0x00000000d5b00000)
 ParOldGen       total 807936K, used 807786K [0x0000000080000000, 0x00000000b1500000, 0x00000000d5580000)
  object space 807936K, 99% used [0x0000000080000000,0x00000000b14da820,0x00000000b1500000)
 Metaspace       used 88791K, committed 90496K, reserved 1179648K
  class space    used 9710K, committed 10432K, reserved 1048576K
}
Event: 9112.531 GC heap after
{Heap after GC invocations=1101 (full 4):
 PSYoungGen      total 4096K, used 218K [0x00000000d5580000, 0x00000000d5a80000, 0x0000000100000000)
  eden space 3584K, 0% used [0x00000000d5580000,0x00000000d5580000,0x00000000d5900000)
  from space 512K, 42% used [0x00000000d5a00000,0x00000000d5a36900,0x00000000d5a80000)
  to   space 512K, 0% used [0x00000000d5980000,0x00000000d5980000,0x00000000d5a00000)
 ParOldGen       total 808448K, used 808146K [0x0000000080000000, 0x00000000b1580000, 0x00000000d5580000)
  object space 808448K, 99% used [0x0000000080000000,0x00000000b1534820,0x00000000b1580000)
 Metaspace       used 88791K, committed 90496K, reserved 1179648K
  class space    used 9710K, committed 10432K, reserved 1048576K
}

