# JRE version: OpenJDK Runtime Environment Temurin-21.0.12.1+1 (21.0.12.1+1) (build 21.0.12.1+1-LTS)
# Java VM: OpenJDK 64-Bit Server VM Temurin-21.0.12.1+1 (21.0.12.1+1-LTS, mixed mode, sharing, tiered, compressed oops, compressed class ptrs, parallel gc, windows-amd64)
GC Precious Log:
 CardTable entry size: 512
 CPUs: 8 total, 8 available
 Memory: 7957M
 Large Page Support: Disabled
 NUMA Support: Disabled
 Compressed Oops: Enabled (32-bit)
 Alignments: Space 512K, Generation 512K, Heap 2M
 Heap Min Capacity: 100M
 Heap Initial Capacity: 100M
 Heap Max Capacity: 2G
 Pre-touch: Disabled
 Parallel Workers: 8
Heap:
 PSYoungGen      total 15872K, used 12954K [0x00000000d5580000, 0x00000000d7080000, 0x0000000100000000)
  eden space 14848K, 80% used [0x00000000d5580000,0x00000000d6129c50,0x00000000d6400000)
  from space 1024K, 98% used [0x00000000d6900000,0x00000000d69fcf50,0x00000000d6a00000)
  to   space 5120K, 0% used [0x00000000d6400000,0x00000000d6400000,0x00000000d6900000)
 ParOldGen       total 68608K, used 61343K [0x0000000080000000, 0x0000000084300000, 0x00000000d5580000)
  object space 68608K, 89% used [0x0000000080000000,0x0000000083be7e70,0x0000000084300000)
 Metaspace       used 62437K, committed 63744K, reserved 1114112K
  class space    used 6938K, committed 7488K, reserved 1048576K
GC Heap History (20 events):
Event: 55.766 GC heap before
{Heap before GC invocations=36 (full 2):
 PSYoungGen      total 20480K, used 18890K [0x00000000d5580000, 0x00000000d6e00000, 0x0000000100000000)
  eden space 17408K, 100% used [0x00000000d5580000,0x00000000d6680000,0x00000000d6680000)
  from space 3072K, 48% used [0x00000000d6900000,0x00000000d6a72950,0x00000000d6c00000)
  to   space 2048K, 0% used [0x00000000d6c00000,0x00000000d6c00000,0x00000000d6e00000)
 ParOldGen       total 68608K, used 59688K [0x0000000080000000, 0x0000000084300000, 0x00000000d5580000)
  object space 68608K, 86% used [0x0000000080000000,0x0000000083a4a208,0x0000000084300000)
 Metaspace       used 57352K, committed 58624K, reserved 1114112K
  class space    used 6099K, committed 6656K, reserved 1048576K
}
Event: 55.804 GC heap after
{Heap after GC invocations=36 (full 2):
 PSYoungGen      total 19456K, used 2025K [0x00000000d5580000, 0x00000000d6f80000, 0x0000000100000000)
  eden space 17408K, 0% used [0x00000000d5580000,0x00000000d5580000,0x00000000d6680000)
  from space 2048K, 98% used [0x00000000d6c00000,0x00000000d6dfa7f0,0x00000000d6e00000)
  to   space 4608K, 0% used [0x00000000d6680000,0x00000000d6680000,0x00000000d6b00000)
 ParOldGen       total 68608K, used 61468K [0x0000000080000000, 0x0000000084300000, 0x00000000d5580000)
  object space 68608K, 89% used [0x0000000080000000,0x0000000083c072d0,0x0000000084300000)
 Metaspace       used 57352K, committed 58624K, reserved 1114112K
  class space    used 6099K, committed 6656K, reserved 1048576K
}
Event: 59.074 GC heap before
{Heap before GC invocations=37 (full 2):
 PSYoungGen      total 19456K, used 19433K [0x00000000d5580000, 0x00000000d6f80000, 0x0000000100000000)
  eden space 17408K, 100% used [0x00000000d5580000,0x00000000d6680000,0x00000000d6680000)
  from space 2048K, 98% used [0x00000000d6c00000,0x00000000d6dfa7f0,0x00000000d6e00000)
  to   space 4608K, 0% used [0x00000000d6680000,0x00000000d6680000,0x00000000d6b00000)
 ParOldGen       total 68608K, used 61468K [0x0000000080000000, 0x0000000084300000, 0x00000000d5580000)
  object space 68608K, 89% used [0x0000000080000000,0x0000000083c072d0,0x0000000084300000)
 Metaspace       used 57946K, committed 59200K, reserved 1114112K
  class space    used 6150K, committed 6720K, reserved 1048576K
}
Event: 59.082 GC heap after
{Heap after GC invocations=37 (full 2):
 PSYoungGen      total 18432K, used 839K [0x00000000d5580000, 0x00000000d6c80000, 0x0000000100000000)
  eden space 17408K, 0% used [0x00000000d5580000,0x00000000d5580000,0x00000000d6680000)
  from space 1024K, 82% used [0x00000000d6680000,0x00000000d6751fd0,0x00000000d6780000)
  to   space 2048K, 0% used [0x00000000d6a80000,0x00000000d6a80000,0x00000000d6c80000)
 ParOldGen       total 68608K, used 63489K [0x0000000080000000, 0x0000000084300000, 0x00000000d5580000)
  object space 68608K, 92% used [0x0000000080000000,0x0000000083e00588,0x0000000084300000)
 Metaspace       used 57946K, committed 59200K, reserved 1114112K
  class space    used 6150K, committed 6720K, reserved 1048576K
}
Event: 60.302 GC heap before
{Heap before GC invocations=38 (full 2):
 PSYoungGen      total 18432K, used 6675K [0x00000000d5580000, 0x00000000d6c80000, 0x0000000100000000)
  eden space 17408K, 33% used [0x00000000d5580000,0x00000000d5b33028,0x00000000d6680000)
  from space 1024K, 82% used [0x00000000d6680000,0x00000000d6751fd0,0x00000000d6780000)
  to   space 2048K, 0% used [0x00000000d6a80000,0x00000000d6a80000,0x00000000d6c80000)
 ParOldGen       total 68608K, used 63489K [0x0000000080000000, 0x0000000084300000, 0x00000000d5580000)
  object space 68608K, 92% used [0x0000000080000000,0x0000000083e00588,0x0000000084300000)
 Metaspace       used 58575K, committed 59776K, reserved 1114112K
  class space    used 6254K, committed 6784K, reserved 1048576K
}
Event: 60.306 GC heap after
{Heap after GC invocations=38 (full 2):
 PSYoungGen      total 17920K, used 256K [0x00000000d5580000, 0x00000000d6b00000, 0x0000000100000000)
  eden space 17408K, 0% used [0x00000000d5580000,0x00000000d5580000,0x00000000d6680000)
  from space 512K, 50% used [0x00000000d6a80000,0x00000000d6ac0000,0x00000000d6b00000)
  to   space 1024K, 0% used [0x00000000d6900000,0x00000000d6900000,0x00000000d6a00000)
 ParOldGen       total 68608K, used 64181K [0x0000000080000000, 0x0000000084300000, 0x00000000d5580000)
  object space 68608K, 93% used [0x0000000080000000,0x0000000083ead708,0x0000000084300000)
 Metaspace       used 58575K, committed 59776K, reserved 1114112K
  class space    used 6254K, committed 6784K, reserved 1048576K
}
Event: 60.307 GC heap before
{Heap before GC invocations=39 (full 3):
 PSYoungGen      total 17920K, used 256K [0x00000000d5580000, 0x00000000d6b00000, 0x0000000100000000)
  eden space 17408K, 0% used [0x00000000d5580000,0x00000000d5580000,0x00000000d6680000)
  from space 512K, 50% used [0x00000000d6a80000,0x00000000d6ac0000,0x00000000d6b00000)
  to   space 1024K, 0% used [0x00000000d6900000,0x00000000d6900000,0x00000000d6a00000)
 ParOldGen       total 68608K, used 64181K [0x0000000080000000, 0x0000000084300000, 0x00000000d5580000)
  object space 68608K, 93% used [0x0000000080000000,0x0000000083ead708,0x0000000084300000)
 Metaspace       used 58575K, committed 59776K, reserved 1114112K
  class space    used 6254K, committed 6784K, reserved 1048576K
}
Event: 60.906 GC heap after
{Heap after GC invocations=39 (full 3):
 PSYoungGen      total 17920K, used 0K [0x00000000d5580000, 0x00000000d6b00000, 0x0000000100000000)
  eden space 17408K, 0% used [0x00000000d5580000,0x00000000d5580000,0x00000000d6680000)
  from space 512K, 0% used [0x00000000d6a80000,0x00000000d6a80000,0x00000000d6b00000)
  to   space 1024K, 0% used [0x00000000d6900000,0x00000000d6900000,0x00000000d6a00000)
 ParOldGen       total 68608K, used 47977K [0x0000000080000000, 0x0000000084300000, 0x00000000d5580000)
  object space 68608K, 69% used [0x0000000080000000,0x0000000082eda790,0x0000000084300000)
 Metaspace       used 58575K, committed 59776K, reserved 1114112K
  class space    used 6254K, committed 6784K, reserved 1048576K
}
Event: 63.070 GC heap before
{Heap before GC invocations=40 (full 3):
 PSYoungGen      total 17920K, used 17220K [0x00000000d5580000, 0x00000000d6b00000, 0x0000000100000000)
  eden space 17408K, 98% used [0x00000000d5580000,0x00000000d66513b8,0x00000000d6680000)
  from space 512K, 0% used [0x00000000d6a80000,0x00000000d6a80000,0x00000000d6b00000)
  to   space 1024K, 0% used [0x00000000d6900000,0x00000000d6900000,0x00000000d6a00000)
 ParOldGen       total 68608K, used 47977K [0x0000000080000000, 0x0000000084300000, 0x00000000d5580000)
  object space 68608K, 69% used [0x0000000080000000,0x0000000082eda790,0x0000000084300000)
 Metaspace       used 59825K, committed 61120K, reserved 1114112K
  class space    used 6470K, committed 7040K, reserved 1048576K
}
Event: 63.073 GC heap after
{Heap after GC invocations=40 (full 3):
 PSYoungGen      total 18432K, used 999K [0x00000000d5580000, 0x00000000d7080000, 0x0000000100000000)
  eden space 17408K, 0% used [0x00000000d5580000,0x00000000d5580000,0x00000000d6680000)
  from space 1024K, 97% used [0x00000000d6900000,0x00000000d69f9ef8,0x00000000d6a00000)
  to   space 5120K, 0% used [0x00000000d6b80000,0x00000000d6b80000,0x00000000d7080000)
 ParOldGen       total 68608K, used 51326K [0x0000000080000000, 0x0000000084300000, 0x00000000d5580000)
  object space 68608K, 74% used [0x0000000080000000,0x000000008321faf0,0x0000000084300000)
 Metaspace       used 59825K, committed 61120K, reserved 1114112K
  class space    used 6470K, committed 7040K, reserved 1048576K
}
Event: 65.201 GC heap before
{Heap before GC invocations=41 (full 3):
 PSYoungGen      total 18432K, used 18407K [0x00000000d5580000, 0x00000000d7080000, 0x0000000100000000)
  eden space 17408K, 100% used [0x00000000d5580000,0x00000000d6680000,0x00000000d6680000)
  from space 1024K, 97% used [0x00000000d6900000,0x00000000d69f9ef8,0x00000000d6a00000)
  to   space 5120K, 0% used [0x00000000d6b80000,0x00000000d6b80000,0x00000000d7080000)
 ParOldGen       total 68608K, used 51326K [0x0000000080000000, 0x0000000084300000, 0x00000000d5580000)
  object space 68608K, 74% used [0x0000000080000000,0x000000008321faf0,0x0000000084300000)
 Metaspace       used 61026K, committed 62272K, reserved 1114112K
  class space    used 6684K, committed 7232K, reserved 1048576K
}
Event: 65.205 GC heap after
{Heap after GC invocations=41 (full 3):
 PSYoungGen      total 22528K, used 4829K [0x00000000d5580000, 0x00000000d7080000, 0x0000000100000000)
  eden space 17408K, 0% used [0x00000000d5580000,0x00000000d5580000,0x00000000d6680000)
  from space 5120K, 94% used [0x00000000d6b80000,0x00000000d70377d8,0x00000000d7080000)
  to   space 5120K, 0% used [0x00000000d6680000,0x00000000d6680000,0x00000000d6b80000)
 ParOldGen       total 68608K, used 52340K [0x0000000080000000, 0x0000000084300000, 0x00000000d5580000)
  object space 68608K, 76% used [0x0000000080000000,0x000000008331d2d8,0x0000000084300000)
 Metaspace       used 61026K, committed 62272K, reserved 1114112K
  class space    used 6684K, committed 7232K, reserved 1048576K
}
Event: 66.378 GC heap before
{Heap before GC invocations=42 (full 3):
 PSYoungGen      total 22528K, used 22237K [0x00000000d5580000, 0x00000000d7080000, 0x0000000100000000)
  eden space 17408K, 100% used [0x00000000d5580000,0x00000000d6680000,0x00000000d6680000)
  from space 5120K, 94% used [0x00000000d6b80000,0x00000000d70377d8,0x00000000d7080000)
  to   space 5120K, 0% used [0x00000000d6680000,0x00000000d6680000,0x00000000d6b80000)
 ParOldGen       total 68608K, used 52340K [0x0000000080000000, 0x0000000084300000, 0x00000000d5580000)
  object space 68608K, 76% used [0x0000000080000000,0x000000008331d2d8,0x0000000084300000)
 Metaspace       used 61952K, committed 63232K, reserved 1114112K
  class space    used 6844K, committed 7424K, reserved 1048576K
}
Event: 66.385 GC heap after
{Heap after GC invocations=42 (full 3):
 PSYoungGen      total 18432K, used 768K [0x00000000d5580000, 0x00000000d6c00000, 0x0000000100000000)
  eden space 17408K, 0% used [0x00000000d5580000,0x00000000d5580000,0x00000000d6680000)
  from space 1024K, 75% used [0x00000000d6680000,0x00000000d6740000,0x00000000d6780000)
  to   space 2560K, 0% used [0x00000000d6980000,0x00000000d6980000,0x00000000d6c00000)
 ParOldGen       total 68608K, used 57063K [0x0000000080000000, 0x0000000084300000, 0x00000000d5580000)
  object space 68608K, 83% used [0x0000000080000000,0x00000000837b9e90,0x0000000084300000)
 Metaspace       used 61952K, committed 63232K, reserved 1114112K
  class space    used 6844K, committed 7424K, reserved 1048576K
}
Event: 67.242 GC heap before
{Heap before GC invocations=43 (full 3):
 PSYoungGen      total 18432K, used 18176K [0x00000000d5580000, 0x00000000d6c00000, 0x0000000100000000)
  eden space 17408K, 100% used [0x00000000d5580000,0x00000000d6680000,0x00000000d6680000)
  from space 1024K, 75% used [0x00000000d6680000,0x00000000d6740000,0x00000000d6780000)
  to   space 2560K, 0% used [0x00000000d6980000,0x00000000d6980000,0x00000000d6c00000)
 ParOldGen       total 68608K, used 57063K [0x0000000080000000, 0x0000000084300000, 0x00000000d5580000)
  object space 68608K, 83% used [0x0000000080000000,0x00000000837b9e90,0x0000000084300000)
 Metaspace       used 61978K, committed 63232K, reserved 1114112K
  class space    used 6845K, committed 7424K, reserved 1048576K
}
Event: 67.247 GC heap after
{Heap after GC invocations=43 (full 3):
 PSYoungGen      total 18432K, used 544K [0x00000000d5580000, 0x00000000d6a80000, 0x0000000100000000)
  eden space 17408K, 0% used [0x00000000d5580000,0x00000000d5580000,0x00000000d6680000)
  from space 1024K, 53% used [0x00000000d6980000,0x00000000d6a08000,0x00000000d6a80000)
  to   space 1024K, 0% used [0x00000000d6680000,0x00000000d6680000,0x00000000d6780000)
 ParOldGen       total 68608K, used 57696K [0x0000000080000000, 0x0000000084300000, 0x00000000d5580000)
  object space 68608K, 84% used [0x0000000080000000,0x0000000083858240,0x0000000084300000)
 Metaspace       used 61978K, committed 63232K, reserved 1114112K
  class space    used 6845K, committed 7424K, reserved 1048576K
}
Event: 68.480 GC heap before
{Heap before GC invocations=44 (full 3):
 PSYoungGen      total 18432K, used 17952K [0x00000000d5580000, 0x00000000d6a80000, 0x0000000100000000)
  eden space 17408K, 100% used [0x00000000d5580000,0x00000000d6680000,0x00000000d6680000)
  from space 1024K, 53% used [0x00000000d6980000,0x00000000d6a08000,0x00000000d6a80000)
  to   space 1024K, 0% used [0x00000000d6680000,0x00000000d6680000,0x00000000d6780000)
 ParOldGen       total 68608K, used 57696K [0x0000000080000000, 0x0000000084300000, 0x00000000d5580000)
  object space 68608K, 84% used [0x0000000080000000,0x0000000083858240,0x0000000084300000)
 Metaspace       used 61981K, committed 63296K, reserved 1114112K
  class space    used 6845K, committed 7424K, reserved 1048576K
}
Event: 68.483 GC heap after
{Heap after GC invocations=44 (full 3):
 PSYoungGen      total 18432K, used 576K [0x00000000d5580000, 0x00000000d6a00000, 0x0000000100000000)
  eden space 17408K, 0% used [0x00000000d5580000,0x00000000d5580000,0x00000000d6680000)
  from space 1024K, 56% used [0x00000000d6680000,0x00000000d6710000,0x00000000d6780000)
  to   space 1024K, 0% used [0x00000000d6900000,0x00000000d6900000,0x00000000d6a00000)
 ParOldGen       total 68608K, used 58096K [0x0000000080000000, 0x0000000084300000, 0x00000000d5580000)
  object space 68608K, 84% used [0x0000000080000000,0x00000000838bc240,0x0000000084300000)
 Metaspace       used 61981K, committed 63296K, reserved 1114112K
  class space    used 6845K, committed 7424K, reserved 1048576K
}
Event: 70.470 GC heap before
{Heap before GC invocations=45 (full 3):
 PSYoungGen      total 18432K, used 17984K [0x00000000d5580000, 0x00000000d6a00000, 0x0000000100000000)
  eden space 17408K, 100% used [0x00000000d5580000,0x00000000d6680000,0x00000000d6680000)
  from space 1024K, 56% used [0x00000000d6680000,0x00000000d6710000,0x00000000d6780000)
  to   space 1024K, 0% used [0x00000000d6900000,0x00000000d6900000,0x00000000d6a00000)
 ParOldGen       total 68608K, used 58096K [0x0000000080000000, 0x0000000084300000, 0x00000000d5580000)
  object space 68608K, 84% used [0x0000000080000000,0x00000000838bc240,0x0000000084300000)
 Metaspace       used 61989K, committed 63360K, reserved 1114112K
  class space    used 6846K, committed 7424K, reserved 1048576K
}
Event: 70.474 GC heap after
{Heap after GC invocations=45 (full 3):
 PSYoungGen      total 15872K, used 1011K [0x00000000d5580000, 0x00000000d7080000, 0x0000000100000000)
  eden space 14848K, 0% used [0x00000000d5580000,0x00000000d5580000,0x00000000d6400000)
  from space 1024K, 98% used [0x00000000d6900000,0x00000000d69fcf50,0x00000000d6a00000)
  to   space 5120K, 0% used [0x00000000d6400000,0x00000000d6400000,0x00000000d6900000)
 ParOldGen       total 68608K, used 61343K [0x0000000080000000, 0x0000000084300000, 0x00000000d5580000)
  object space 68608K, 89% used [0x0000000080000000,0x0000000083be7e70,0x0000000084300000)
 Metaspace       used 61989K, committed 63360K, reserved 1114112K
  class space    used 6846K, committed 7424K, reserved 1048576K
}

