# JRE version: OpenJDK Runtime Environment Temurin-21.0.12.1+1 (21.0.12.1+1) (build 21.0.12.1+1-LTS)
# Java VM: OpenJDK 64-Bit Server VM Temurin-21.0.12.1+1 (21.0.12.1+1-LTS, mixed mode, sharing, tiered, compressed oops, compressed class ptrs, parallel gc, windows-amd64)
GC Precious Log:
 CardTable entry size: 512
 CPUs: 8 total, 8 available
 Memory: 7957M
 Large Page Support: Disabled
 NUMA Support: Disabled
 Compressed Oops: Enabled (32-bit)
 Alignments: Space 512K, Generation 512K, Heap 2M
 Heap Min Capacity: 100M
 Heap Initial Capacity: 100M
 Heap Max Capacity: 2G
 Pre-touch: Disabled
 Parallel Workers: 8
Heap:
 PSYoungGen      total 16384K, used 11403K [0x00000000d5580000, 0x00000000d7780000, 0x0000000100000000)
  eden space 13312K, 62% used [0x00000000d5580000,0x00000000d5da51b0,0x00000000d6280000)
  from space 3072K, 99% used [0x00000000d6a80000,0x00000000d6d7dab0,0x00000000d6d80000)
  to   space 8192K, 0% used [0x00000000d6280000,0x00000000d6280000,0x00000000d6a80000)
 ParOldGen       total 93696K, used 93359K [0x0000000080000000, 0x0000000085b80000, 0x00000000d5580000)
  object space 93696K, 99% used [0x0000000080000000,0x0000000085b2bd50,0x0000000085b80000)
 Metaspace       used 78562K, committed 80128K, reserved 1179648K
  class space    used 9087K, committed 9792K, reserved 1048576K
GC Heap History (20 events):
Event: 131.764 GC heap before
{Heap before GC invocations=84 (full 3):
 PSYoungGen      total 20992K, used 20611K [0x00000000d5580000, 0x00000000d6b80000, 0x0000000100000000)
  eden space 19968K, 100% used [0x00000000d5580000,0x00000000d6900000,0x00000000d6900000)
  from space 1024K, 62% used [0x00000000d6a80000,0x00000000d6b20f68,0x00000000d6b80000)
  to   space 1024K, 0% used [0x00000000d6980000,0x00000000d6980000,0x00000000d6a80000)
 ParOldGen       total 82944K, used 82608K [0x0000000080000000, 0x0000000085100000, 0x00000000d5580000)
  object space 82944K, 99% used [0x0000000080000000,0x00000000850ac118,0x0000000085100000)
 Metaspace       used 69679K, committed 71104K, reserved 1114112K
  class space    used 8121K, committed 8768K, reserved 1048576K
}
Event: 131.766 GC heap after
{Heap after GC invocations=84 (full 3):
 PSYoungGen      total 20992K, used 565K [0x00000000d5580000, 0x00000000d6b00000, 0x0000000100000000)
  eden space 19968K, 0% used [0x00000000d5580000,0x00000000d5580000,0x00000000d6900000)
  from space 1024K, 55% used [0x00000000d6980000,0x00000000d6a0d6b8,0x00000000d6a80000)
  to   space 512K, 0% used [0x00000000d6a80000,0x00000000d6a80000,0x00000000d6b00000)
 ParOldGen       total 83456K, used 83034K [0x0000000080000000, 0x0000000085180000, 0x00000000d5580000)
  object space 83456K, 99% used [0x0000000080000000,0x0000000085116918,0x0000000085180000)
 Metaspace       used 69679K, committed 71104K, reserved 1114112K
  class space    used 8121K, committed 8768K, reserved 1048576K
}
Event: 133.859 GC heap before
{Heap before GC invocations=85 (full 3):
 PSYoungGen      total 20992K, used 20533K [0x00000000d5580000, 0x00000000d6b00000, 0x0000000100000000)
  eden space 19968K, 100% used [0x00000000d5580000,0x00000000d6900000,0x00000000d6900000)
  from space 1024K, 55% used [0x00000000d6980000,0x00000000d6a0d6b8,0x00000000d6a80000)
  to   space 512K, 0% used [0x00000000d6a80000,0x00000000d6a80000,0x00000000d6b00000)
 ParOldGen       total 83456K, used 83034K [0x0000000080000000, 0x0000000085180000, 0x00000000d5580000)
  object space 83456K, 99% used [0x0000000080000000,0x0000000085116918,0x0000000085180000)
 Metaspace       used 69679K, committed 71104K, reserved 1114112K
  class space    used 8121K, committed 8768K, reserved 1048576K
}
Event: 133.862 GC heap after
{Heap after GC invocations=85 (full 3):
 PSYoungGen      total 20480K, used 481K [0x00000000d5580000, 0x00000000d6b00000, 0x0000000100000000)
  eden space 19968K, 0% used [0x00000000d5580000,0x00000000d5580000,0x00000000d6900000)
  from space 512K, 94% used [0x00000000d6a80000,0x00000000d6af8570,0x00000000d6b00000)
  to   space 1024K, 0% used [0x00000000d6900000,0x00000000d6900000,0x00000000d6a00000)
 ParOldGen       total 83968K, used 83461K [0x0000000080000000, 0x0000000085200000, 0x00000000d5580000)
  object space 83968K, 99% used [0x0000000080000000,0x0000000085181738,0x0000000085200000)
 Metaspace       used 69679K, committed 71104K, reserved 1114112K
  class space    used 8121K, committed 8768K, reserved 1048576K
}
Event: 136.690 GC heap before
{Heap before GC invocations=86 (full 3):
 PSYoungGen      total 20480K, used 20434K [0x00000000d5580000, 0x00000000d6b00000, 0x0000000100000000)
  eden space 19968K, 99% used [0x00000000d5580000,0x00000000d68fc4a0,0x00000000d6900000)
  from space 512K, 94% used [0x00000000d6a80000,0x00000000d6af8570,0x00000000d6b00000)
  to   space 1024K, 0% used [0x00000000d6900000,0x00000000d6900000,0x00000000d6a00000)
 ParOldGen       total 83968K, used 83461K [0x0000000080000000, 0x0000000085200000, 0x00000000d5580000)
  object space 83968K, 99% used [0x0000000080000000,0x0000000085181738,0x0000000085200000)
 Metaspace       used 70314K, committed 71744K, reserved 1114112K
  class space    used 8166K, committed 8832K, reserved 1048576K
}
Event: 136.698 GC heap after
{Heap after GC invocations=86 (full 3):
 PSYoungGen      total 20992K, used 1017K [0x00000000d5580000, 0x00000000d6c00000, 0x0000000100000000)
  eden space 19968K, 0% used [0x00000000d5580000,0x00000000d5580000,0x00000000d6900000)
  from space 1024K, 99% used [0x00000000d6900000,0x00000000d69fe4d8,0x00000000d6a00000)
  to   space 1536K, 0% used [0x00000000d6a80000,0x00000000d6a80000,0x00000000d6c00000)
 ParOldGen       total 83968K, used 83825K [0x0000000080000000, 0x0000000085200000, 0x00000000d5580000)
  object space 83968K, 99% used [0x0000000080000000,0x00000000851dc5a0,0x0000000085200000)
 Metaspace       used 70314K, committed 71744K, reserved 1114112K
  class space    used 8166K, committed 8832K, reserved 1048576K
}
Event: 143.227 GC heap before
{Heap before GC invocations=87 (full 3):
 PSYoungGen      total 20992K, used 20985K [0x00000000d5580000, 0x00000000d6c00000, 0x0000000100000000)
  eden space 19968K, 100% used [0x00000000d5580000,0x00000000d6900000,0x00000000d6900000)
  from space 1024K, 99% used [0x00000000d6900000,0x00000000d69fe4d8,0x00000000d6a00000)
  to   space 1536K, 0% used [0x00000000d6a80000,0x00000000d6a80000,0x00000000d6c00000)
 ParOldGen       total 83968K, used 83825K [0x0000000080000000, 0x0000000085200000, 0x00000000d5580000)
  object space 83968K, 99% used [0x0000000080000000,0x00000000851dc5a0,0x0000000085200000)
 Metaspace       used 72203K, committed 73664K, reserved 1114112K
  class space    used 8405K, committed 9024K, reserved 1048576K
}
Event: 143.237 GC heap after
{Heap after GC invocations=87 (full 3):
 PSYoungGen      total 21504K, used 1063K [0x00000000d5580000, 0x00000000d6c00000, 0x0000000100000000)
  eden space 19968K, 0% used [0x00000000d5580000,0x00000000d5580000,0x00000000d6900000)
  from space 1536K, 69% used [0x00000000d6a80000,0x00000000d6b89d78,0x00000000d6c00000)
  to   space 1536K, 0% used [0x00000000d6900000,0x00000000d6900000,0x00000000d6a80000)
 ParOldGen       total 84992K, used 84605K [0x0000000080000000, 0x0000000085300000, 0x00000000d5580000)
  object space 84992K, 99% used [0x0000000080000000,0x000000008529f7b0,0x0000000085300000)
 Metaspace       used 72203K, committed 73664K, reserved 1114112K
  class space    used 8405K, committed 9024K, reserved 1048576K
}
Event: 160.273 GC heap before
{Heap before GC invocations=88 (full 3):
 PSYoungGen      total 21504K, used 21031K [0x00000000d5580000, 0x00000000d6c00000, 0x0000000100000000)
  eden space 19968K, 99% used [0x00000000d5580000,0x00000000d68fffd0,0x00000000d6900000)
  from space 1536K, 69% used [0x00000000d6a80000,0x00000000d6b89d78,0x00000000d6c00000)
  to   space 1536K, 0% used [0x00000000d6900000,0x00000000d6900000,0x00000000d6a80000)
 ParOldGen       total 84992K, used 84605K [0x0000000080000000, 0x0000000085300000, 0x00000000d5580000)
  object space 84992K, 99% used [0x0000000080000000,0x000000008529f7b0,0x0000000085300000)
 Metaspace       used 74072K, committed 75648K, reserved 1179648K
  class space    used 8696K, committed 9408K, reserved 1048576K
}
Event: 160.321 GC heap after
{Heap after GC invocations=88 (full 3):
 PSYoungGen      total 20992K, used 704K [0x00000000d5580000, 0x00000000d6b00000, 0x0000000100000000)
  eden space 19968K, 0% used [0x00000000d5580000,0x00000000d5580000,0x00000000d6900000)
  from space 1024K, 68% used [0x00000000d6900000,0x00000000d69b0010,0x00000000d6a00000)
  to   space 1024K, 0% used [0x00000000d6a00000,0x00000000d6a00000,0x00000000d6b00000)
 ParOldGen       total 86016K, used 85638K [0x0000000080000000, 0x0000000085400000, 0x00000000d5580000)
  object space 86016K, 99% used [0x0000000080000000,0x00000000853a1a90,0x0000000085400000)
 Metaspace       used 74072K, committed 75648K, reserved 1179648K
  class space    used 8696K, committed 9408K, reserved 1048576K
}
Event: 361.527 GC heap before
{Heap before GC invocations=89 (full 3):
 PSYoungGen      total 20992K, used 20672K [0x00000000d5580000, 0x00000000d6b00000, 0x0000000100000000)
  eden space 19968K, 100% used [0x00000000d5580000,0x00000000d6900000,0x00000000d6900000)
  from space 1024K, 68% used [0x00000000d6900000,0x00000000d69b0010,0x00000000d6a00000)
  to   space 1024K, 0% used [0x00000000d6a00000,0x00000000d6a00000,0x00000000d6b00000)
 ParOldGen       total 86016K, used 85638K [0x0000000080000000, 0x0000000085400000, 0x00000000d5580000)
  object space 86016K, 99% used [0x0000000080000000,0x00000000853a1a90,0x0000000085400000)
 Metaspace       used 75503K, committed 77056K, reserved 1179648K
  class space    used 8809K, committed 9536K, reserved 1048576K
}
Event: 361.635 GC heap after
{Heap after GC invocations=89 (full 3):
 PSYoungGen      total 19456K, used 1018K [0x00000000d5580000, 0x00000000d6e00000, 0x0000000100000000)
  eden space 18432K, 0% used [0x00000000d5580000,0x00000000d5580000,0x00000000d6780000)
  from space 1024K, 99% used [0x00000000d6a00000,0x00000000d6afe920,0x00000000d6b00000)
  to   space 2560K, 0% used [0x00000000d6780000,0x00000000d6780000,0x00000000d6a00000)
 ParOldGen       total 87040K, used 86767K [0x0000000080000000, 0x0000000085500000, 0x00000000d5580000)
  object space 87040K, 99% used [0x0000000080000000,0x00000000854bbfa8,0x0000000085500000)
 Metaspace       used 75503K, committed 77056K, reserved 1179648K
  class space    used 8809K, committed 9536K, reserved 1048576K
}
Event: 363.828 GC heap before
{Heap before GC invocations=90 (full 3):
 PSYoungGen      total 19456K, used 19450K [0x00000000d5580000, 0x00000000d6e00000, 0x0000000100000000)
  eden space 18432K, 100% used [0x00000000d5580000,0x00000000d6780000,0x00000000d6780000)
  from space 1024K, 99% used [0x00000000d6a00000,0x00000000d6afe920,0x00000000d6b00000)
  to   space 2560K, 0% used [0x00000000d6780000,0x00000000d6780000,0x00000000d6a00000)
 ParOldGen       total 87040K, used 86767K [0x0000000080000000, 0x0000000085500000, 0x00000000d5580000)
  object space 87040K, 99% used [0x0000000080000000,0x00000000854bbfa8,0x0000000085500000)
 Metaspace       used 75556K, committed 77120K, reserved 1179648K
  class space    used 8809K, committed 9536K, reserved 1048576K
}
Event: 363.842 GC heap after
{Heap after GC invocations=90 (full 3):
 PSYoungGen      total 20992K, used 2031K [0x00000000d5580000, 0x00000000d6c80000, 0x0000000100000000)
  eden space 18432K, 0% used [0x00000000d5580000,0x00000000d5580000,0x00000000d6780000)
  from space 2560K, 79% used [0x00000000d6780000,0x00000000d697bfc8,0x00000000d6a00000)
  to   space 2560K, 0% used [0x00000000d6a00000,0x00000000d6a00000,0x00000000d6c80000)
 ParOldGen       total 88064K, used 87756K [0x0000000080000000, 0x0000000085600000, 0x00000000d5580000)
  object space 88064K, 99% used [0x0000000080000000,0x00000000855b3190,0x0000000085600000)
 Metaspace       used 75556K, committed 77120K, reserved 1179648K
  class space    used 8809K, committed 9536K, reserved 1048576K
}
Event: 364.398 GC heap before
{Heap before GC invocations=91 (full 3):
 PSYoungGen      total 20992K, used 20463K [0x00000000d5580000, 0x00000000d6c80000, 0x0000000100000000)
  eden space 18432K, 100% used [0x00000000d5580000,0x00000000d6780000,0x00000000d6780000)
  from space 2560K, 79% used [0x00000000d6780000,0x00000000d697bfc8,0x00000000d6a00000)
  to   space 2560K, 0% used [0x00000000d6a00000,0x00000000d6a00000,0x00000000d6c80000)
 ParOldGen       total 88064K, used 87756K [0x0000000080000000, 0x0000000085600000, 0x00000000d5580000)
  object space 88064K, 99% used [0x0000000080000000,0x00000000855b3190,0x0000000085600000)
 Metaspace       used 75860K, committed 77440K, reserved 1179648K
  class space    used 8827K, committed 9536K, reserved 1048576K
}
Event: 364.403 GC heap after
{Heap after GC invocations=91 (full 3):
 PSYoungGen      total 18944K, used 224K [0x00000000d5580000, 0x00000000d6a80000, 0x0000000100000000)
  eden space 18432K, 0% used [0x00000000d5580000,0x00000000d5580000,0x00000000d6780000)
  from space 512K, 43% used [0x00000000d6a00000,0x00000000d6a38000,0x00000000d6a80000)
  to   space 1024K, 0% used [0x00000000d6880000,0x00000000d6880000,0x00000000d6980000)
 ParOldGen       total 88064K, used 87964K [0x0000000080000000, 0x0000000085600000, 0x00000000d5580000)
  object space 88064K, 99% used [0x0000000080000000,0x00000000855e7190,0x0000000085600000)
 Metaspace       used 75860K, committed 77440K, reserved 1179648K
  class space    used 8827K, committed 9536K, reserved 1048576K
}
Event: 386.667 GC heap before
{Heap before GC invocations=92 (full 3):
 PSYoungGen      total 18944K, used 18571K [0x00000000d5580000, 0x00000000d6a80000, 0x0000000100000000)
  eden space 18432K, 99% used [0x00000000d5580000,0x00000000d676ade0,0x00000000d6780000)
  from space 512K, 43% used [0x00000000d6a00000,0x00000000d6a38000,0x00000000d6a80000)
  to   space 1024K, 0% used [0x00000000d6880000,0x00000000d6880000,0x00000000d6980000)
 ParOldGen       total 88064K, used 87964K [0x0000000080000000, 0x0000000085600000, 0x00000000d5580000)
  object space 88064K, 99% used [0x0000000080000000,0x00000000855e7190,0x0000000085600000)
 Metaspace       used 77921K, committed 79488K, reserved 1179648K
  class space    used 9014K, committed 9728K, reserved 1048576K
}
Event: 386.701 GC heap after
{Heap after GC invocations=92 (full 3):
 PSYoungGen      total 19456K, used 1022K [0x00000000d5580000, 0x00000000d6d80000, 0x0000000100000000)
  eden space 18432K, 0% used [0x00000000d5580000,0x00000000d5580000,0x00000000d6780000)
  from space 1024K, 99% used [0x00000000d6880000,0x00000000d697fb90,0x00000000d6980000)
  to   space 3072K, 0% used [0x00000000d6a80000,0x00000000d6a80000,0x00000000d6d80000)
 ParOldGen       total 89600K, used 89296K [0x0000000080000000, 0x0000000085780000, 0x00000000d5580000)
  object space 89600K, 99% used [0x0000000080000000,0x00000000857342c0,0x0000000085780000)
 Metaspace       used 77921K, committed 79488K, reserved 1179648K
  class space    used 9014K, committed 9728K, reserved 1048576K
}
Event: 389.242 GC heap before
{Heap before GC invocations=93 (full 3):
 PSYoungGen      total 19456K, used 19454K [0x00000000d5580000, 0x00000000d6d80000, 0x0000000100000000)
  eden space 18432K, 100% used [0x00000000d5580000,0x00000000d6780000,0x00000000d6780000)
  from space 1024K, 99% used [0x00000000d6880000,0x00000000d697fb90,0x00000000d6980000)
  to   space 3072K, 0% used [0x00000000d6a80000,0x00000000d6a80000,0x00000000d6d80000)
 ParOldGen       total 89600K, used 89296K [0x0000000080000000, 0x0000000085780000, 0x00000000d5580000)
  object space 89600K, 99% used [0x0000000080000000,0x00000000857342c0,0x0000000085780000)
 Metaspace       used 78060K, committed 79680K, reserved 1179648K
  class space    used 9043K, committed 9792K, reserved 1048576K
}
Event: 389.256 GC heap after
{Heap after GC invocations=93 (full 3):
 PSYoungGen      total 16384K, used 3062K [0x00000000d5580000, 0x00000000d7780000, 0x0000000100000000)
  eden space 13312K, 0% used [0x00000000d5580000,0x00000000d5580000,0x00000000d6280000)
  from space 3072K, 99% used [0x00000000d6a80000,0x00000000d6d7dab0,0x00000000d6d80000)
  to   space 8192K, 0% used [0x00000000d6280000,0x00000000d6280000,0x00000000d6a80000)
 ParOldGen       total 93696K, used 93359K [0x0000000080000000, 0x0000000085b80000, 0x00000000d5580000)
  object space 93696K, 99% used [0x0000000080000000,0x0000000085b2bd50,0x0000000085b80000)
 Metaspace       used 78060K, committed 79680K, reserved 1179648K
  class space    used 9043K, committed 9792K, reserved 1048576K
}

